<?xml version="1.0" encoding="UTF-8"?>
<!-- Generated by org.testng.reporters.JUnitXMLReporter -->
<testsuite ignored="2" hostname="Sarankumar-4W5B2G2" failures="0" tests="2" name="chrome" time="21.145" errors="0" timestamp="2024-05-21T10:51:08 IST">
  <testcase classname="Test_Package.Login" name="login" time="5.145"/>
  <testcase classname="Test_Package.CreateLead" name="createLead" time="7.026"/>
  <testcase classname="Test_Package.baseclass" name="@BeforeTest LaunchApp" time="0.0">
    <ignored/>
  </testcase> <!-- @BeforeTest LaunchApp -->
  <testcase classname="Test_Package.baseclass" name="@AfterTest logout" time="0.0">
    <ignored/>
  </testcase> <!-- @AfterTest logout -->
</testsuite> <!-- chrome -->
