<?xml version="1.0" encoding="UTF-8"?>
<!-- Generated by org.testng.reporters.JUnitXMLReporter -->
<testsuite ignored="4" hostname="Sarankumar-4W5B2G2" failures="0" tests="5" name="Test" time="15.405" errors="0" timestamp="2024-05-17T16:05:35 IST">
  <testcase classname="Test_Package.Login" name="login" time="4.152"/>
  <testcase classname="Test_Package.Login" name="print" time="0.002"/>
  <testcase classname="Test_Package.CreateLead" name="createLead" time="5.234"/>
  <testcase classname="Test_Package.CreateLead" name="createLead" time="4.844"/>
  <testcase classname="Test_Package.Assertions" name="asserttion" time="0.125"/>
  <testcase classname="Test_Package.baseclass" name="@BeforeSuite LaunchApp" time="0.0">
    <ignored/>
  </testcase> <!-- @BeforeSuite LaunchApp -->
  <testcase classname="Test_Package.baseclass" name="@BeforeSuite LaunchApp" time="0.0">
    <ignored/>
  </testcase> <!-- @BeforeSuite LaunchApp -->
  <testcase classname="Test_Package.baseclass" name="@AfterSuite logout" time="0.0">
    <ignored/>
  </testcase> <!-- @AfterSuite logout -->
  <testcase classname="Test_Package.baseclass" name="@AfterSuite logout" time="0.0">
    <ignored/>
  </testcase> <!-- @AfterSuite logout -->
</testsuite> <!-- Test -->
