<?xml version="1.0" encoding="UTF-8"?>
<!-- Generated by org.testng.reporters.JUnitXMLReporter -->
<testsuite ignored="1" hostname="Sarankumar-4W5B2G2" failures="0" tests="6" name="Test" time="28.966" errors="0" timestamp="2024-05-15T12:31:21 IST">
  <testcase classname="Test_Package.Login" name="login" time="1.906"/>
  <testcase classname="Test_Package.CreateLead" name="createLead" time="4.923"/>
  <testcase classname="Test_Package.CreateLead" name="createLead" time="5.052"/>
  <testcase classname="Test_Package.CreateLead" name="createLead" time="5.184"/>
  <testcase classname="Test_Package.CreateLead" name="createLead" time="5.678"/>
  <testcase classname="Test_Package.CreateLead" name="createLead" time="5.025"/>
  <testcase classname="Test_Package.baseclass" name="@BeforeSuite LaunchApp" time="0.0">
    <ignored/>
  </testcase> <!-- @BeforeSuite LaunchApp -->
</testsuite> <!-- Test -->
